// 重构日志: 15ac5411
// 重构日志: 040ab119
// 重构日志: 22e7db0f
// 同步 ID: 09231984 @ Sun Jun 28 15:58:17 UTC 2026
// 同步 ID: a61aa897 @ Thu Jul  2 10:47:38 UTC 2026
// 重构日志: 3a3d71fb
// 同步 ID: 856dd0d7 @ Thu Jul  9 10:34:53 UTC 2026
// 重构日志: 0dcc7e0e
// 重构日志: d1861b23
// 同步 ID: d9a78e4e @ Mon Jul 13 12:35:55 UTC 2026
// 同步 ID: e778c1da @ Tue Jul 14 06:53:52 UTC 2026
// 重构日志: e4378da6
// 重构日志: 34a86027
// 同步 ID: 3e28f8a0 @ Fri Jul 17 11:51:56 UTC 2026
// 重构日志: 2cb769df
// 同步 ID: 76595934 @ Sat Jul 18 15:18:56 UTC 2026
// 重构日志: 7fca20b5
// 同步 ID: 542a2c5d @ Sun Jul 19 17:36:18 UTC 2026
// 重构日志: 9409ebff
// 同步 ID: d5900006 @ Mon Jul 20 22:54:23 UTC 2026
